<?xml version="1.0" encoding="UTF-8"?>
<testng-results total="1" passed="1" failed="0" skipped="0">
  <reporter-output>
  </reporter-output>
  <suite started-at="2020-09-27T10:42:16Z" name="Suite" finished-at="2020-09-27T10:42:39Z" duration-ms="23749">
    <groups>
      <group name="cucumber">
        <method signature="AbstractTestNGCucumberTests.feature(cucumber.api.testng.CucumberFeatureWrapper)[pri:0, instance:runner.RunCuke@79defdc]" name="feature" class="cucumber.api.testng.AbstractTestNGCucumberTests"/>
      </group> <!-- cucumber -->
    </groups>
    <test started-at="2020-09-27T10:42:16Z" name="Test" finished-at="2020-09-27T10:42:39Z" duration-ms="23749">
      <class name="runner.RunCuke">
        <test-method is-config="true" signature="setUpClass()[pri:0, instance:runner.RunCuke@79defdc]" started-at="2020-09-27T23:42:16Z" name="setUpClass" finished-at="2020-09-27T23:42:16Z" duration-ms="184" status="PASS">
          <reporter-output>
          </reporter-output>
        </test-method> <!-- setUpClass -->
        <test-method is-config="true" signature="setup()[pri:0, instance:runner.RunCuke@79defdc]" started-at="2020-09-27T23:42:16Z" name="setup" finished-at="2020-09-27T23:42:16Z" duration-ms="230" status="PASS">
          <reporter-output>
          </reporter-output>
        </test-method> <!-- setup -->
        <test-method signature="feature(cucumber.api.testng.CucumberFeatureWrapper)[pri:0, instance:runner.RunCuke@79defdc]" started-at="2020-09-27T23:42:16Z" name="feature" description="Runs Cucumber Feature" data-provider="features" finished-at="2020-09-27T23:42:39Z" duration-ms="23172" status="PASS">
          <params>
            <param index="0">
              <value>
                <![CDATA[Acceptance testing to validate existing Used Car listing]]>
              </value>
            </param>
          </params>
          <reporter-output>
          </reporter-output>
        </test-method> <!-- feature -->
        <test-method is-config="true" signature="tearDownClass()[pri:0, instance:runner.RunCuke@79defdc]" started-at="2020-09-27T23:42:39Z" name="tearDownClass" finished-at="2020-09-27T23:42:39Z" duration-ms="99" status="PASS">
          <reporter-output>
          </reporter-output>
        </test-method> <!-- tearDownClass -->
      </class> <!-- runner.RunCuke -->
    </test> <!-- Test -->
  </suite> <!-- Suite -->
</testng-results>
